<?xml version="1.0" encoding="UTF-8"?>
<testsuite xmlns:xsi="http://www.w3.org/2001/XMLSchema-instance" xsi:noNamespaceSchemaLocation="https://maven.apache.org/surefire/maven-surefire-plugin/xsd/surefire-test-report.xsd" name="lamb.key.Test" time="12.346" tests="1" errors="0" skipped="0" failures="0">
  <properties>
    <property name="sun.desktop" value="windows"/>
    <property name="awt.toolkit" value="sun.awt.windows.WToolkit"/>
    <property name="file.encoding.pkg" value="sun.io"/>
    <property name="java.specification.version" value="1.8"/>
    <property name="sun.cpu.isalist" value="amd64"/>
    <property name="sun.jnu.encoding" value="GBK"/>
    <property name="java.class.path" value="D:\砺锋\第三阶段项目\天天吃货\foodie-dev\foodie-api\target\test-classes;D:\砺锋\第三阶段项目\天天吃货\foodie-dev\foodie-api\target\classes;D:\砺锋\第三阶段项目\天天吃货\foodie-dev\foodie-service\target\foodie-service-1.0-SNAPSHOT.jar;D:\砺锋\第三阶段项目\天天吃货\foodie-dev\foodie-mapper\target\foodie-mapper-1.0-SNAPSHOT.jar;D:\砺锋\第三阶段项目\天天吃货\foodie-dev\foodie-pojo\target\foodie-pojo-1.0-SNAPSHOT.jar;D:\砺锋\第三阶段项目\天天吃货\foodie-dev\foodie-common\target\foodie-common-1.0-SNAPSHOT.jar;D:\devlopment\apache-maven-3.8.5\repository\com\qcloud\cos_api\5.6.8\cos_api-5.6.8.jar;D:\devlopment\apache-maven-3.8.5\repository\org\apache\httpcomponents\httpclient\4.5.13\httpclient-4.5.13.jar;D:\devlopment\apache-maven-3.8.5\repository\org\apache\httpcomponents\httpcore\4.4.15\httpcore-4.4.15.jar;D:\devlopment\apache-maven-3.8.5\repository\commons-codec\commons-codec\1.15\commons-codec-1.15.jar;D:\devlopment\apache-maven-3.8.5\repository\joda-time\joda-time\2.9.9\joda-time-2.9.9.jar;D:\devlopment\apache-maven-3.8.5\repository\org\bouncycastle\bcprov-jdk15on\1.59\bcprov-jdk15on-1.59.jar;D:\devlopment\apache-maven-3.8.5\repository\org\projectlombok\lombok\1.18.24\lombok-1.18.24.jar;D:\devlopment\apache-maven-3.8.5\repository\org\springframework\boot\spring-boot-starter-test\2.6.7\spring-boot-starter-test-2.6.7.jar;D:\devlopment\apache-maven-3.8.5\repository\org\springframework\boot\spring-boot-test\2.6.7\spring-boot-test-2.6.7.jar;D:\devlopment\apache-maven-3.8.5\repository\org\springframework\boot\spring-boot-test-autoconfigure\2.6.7\spring-boot-test-autoconfigure-2.6.7.jar;D:\devlopment\apache-maven-3.8.5\repository\com\jayway\jsonpath\json-path\2.6.0\json-path-2.6.0.jar;D:\devlopment\apache-maven-3.8.5\repository\net\minidev\json-smart\2.4.8\json-smart-2.4.8.jar;D:\devlopment\apache-maven-3.8.5\repository\net\minidev\accessors-smart\2.4.8\accessors-smart-2.4.8.jar;D:\devlopment\apache-maven-3.8.5\repository\org\ow2\asm\asm\9.1\asm-9.1.jar;D:\devlopment\apache-maven-3.8.5\repository\jakarta\xml\bind\jakarta.xml.bind-api\2.3.3\jakarta.xml.bind-api-2.3.3.jar;D:\devlopment\apache-maven-3.8.5\repository\jakarta\activation\jakarta.activation-api\1.2.2\jakarta.activation-api-1.2.2.jar;D:\devlopment\apache-maven-3.8.5\repository\org\assertj\assertj-core\3.21.0\assertj-core-3.21.0.jar;D:\devlopment\apache-maven-3.8.5\repository\org\hamcrest\hamcrest\2.2\hamcrest-2.2.jar;D:\devlopment\apache-maven-3.8.5\repository\org\junit\jupiter\junit-jupiter\5.8.2\junit-jupiter-5.8.2.jar;D:\devlopment\apache-maven-3.8.5\repository\org\junit\jupiter\junit-jupiter-api\5.8.2\junit-jupiter-api-5.8.2.jar;D:\devlopment\apache-maven-3.8.5\repository\org\opentest4j\opentest4j\1.2.0\opentest4j-1.2.0.jar;D:\devlopment\apache-maven-3.8.5\repository\org\junit\platform\junit-platform-commons\1.8.2\junit-platform-commons-1.8.2.jar;D:\devlopment\apache-maven-3.8.5\repository\org\apiguardian\apiguardian-api\1.1.2\apiguardian-api-1.1.2.jar;D:\devlopment\apache-maven-3.8.5\repository\org\junit\jupiter\junit-jupiter-params\5.8.2\junit-jupiter-params-5.8.2.jar;D:\devlopment\apache-maven-3.8.5\repository\org\junit\jupiter\junit-jupiter-engine\5.8.2\junit-jupiter-engine-5.8.2.jar;D:\devlopment\apache-maven-3.8.5\repository\org\junit\platform\junit-platform-engine\1.8.2\junit-platform-engine-1.8.2.jar;D:\devlopment\apache-maven-3.8.5\repository\org\mockito\mockito-core\4.0.0\mockito-core-4.0.0.jar;D:\devlopment\apache-maven-3.8.5\repository\net\bytebuddy\byte-buddy\1.11.22\byte-buddy-1.11.22.jar;D:\devlopment\apache-maven-3.8.5\repository\net\bytebuddy\byte-buddy-agent\1.11.22\byte-buddy-agent-1.11.22.jar;D:\devlopment\apache-maven-3.8.5\repository\org\objenesis\objenesis\3.2\objenesis-3.2.jar;D:\devlopment\apache-maven-3.8.5\repository\org\mockito\mockito-junit-jupiter\4.0.0\mockito-junit-jupiter-4.0.0.jar;D:\devlopment\apache-maven-3.8.5\repository\org\skyscreamer\jsonassert\1.5.0\jsonassert-1.5.0.jar;D:\devlopment\apache-maven-3.8.5\repository\com\vaadin\external\google\android-json\0.0.20131108.vaadin1\android-json-0.0.20131108.vaadin1.jar;D:\devlopment\apache-maven-3.8.5\repository\org\springframework\spring-test\5.3.19\spring-test-5.3.19.jar;D:\devlopment\apache-maven-3.8.5\repository\org\xmlunit\xmlunit-core\2.8.4\xmlunit-core-2.8.4.jar;D:\devlopment\apache-maven-3.8.5\repository\org\springframework\boot\spring-boot-configuration-processor\2.6.7\spring-boot-configuration-processor-2.6.7.jar;D:\devlopment\apache-maven-3.8.5\repository\org\springframework\boot\spring-boot-starter\2.6.7\spring-boot-starter-2.6.7.jar;D:\devlopment\apache-maven-3.8.5\repository\org\springframework\boot\spring-boot\2.6.7\spring-boot-2.6.7.jar;D:\devlopment\apache-maven-3.8.5\repository\org\springframework\boot\spring-boot-autoconfigure\2.6.7\spring-boot-autoconfigure-2.6.7.jar;D:\devlopment\apache-maven-3.8.5\repository\jakarta\annotation\jakarta.annotation-api\1.3.5\jakarta.annotation-api-1.3.5.jar;D:\devlopment\apache-maven-3.8.5\repository\org\springframework\spring-core\5.3.19\spring-core-5.3.19.jar;D:\devlopment\apache-maven-3.8.5\repository\org\springframework\spring-jcl\5.3.19\spring-jcl-5.3.19.jar;D:\devlopment\apache-maven-3.8.5\repository\org\yaml\snakeyaml\1.29\snakeyaml-1.29.jar;D:\devlopment\apache-maven-3.8.5\repository\org\springframework\boot\spring-boot-starter-web\2.6.7\spring-boot-starter-web-2.6.7.jar;D:\devlopment\apache-maven-3.8.5\repository\org\springframework\boot\spring-boot-starter-json\2.6.7\spring-boot-starter-json-2.6.7.jar;D:\devlopment\apache-maven-3.8.5\repository\com\fasterxml\jackson\core\jackson-databind\2.13.2.1\jackson-databind-2.13.2.1.jar;D:\devlopment\apache-maven-3.8.5\repository\com\fasterxml\jackson\core\jackson-core\2.13.2\jackson-core-2.13.2.jar;D:\devlopment\apache-maven-3.8.5\repository\com\fasterxml\jackson\datatype\jackson-datatype-jdk8\2.13.2\jackson-datatype-jdk8-2.13.2.jar;D:\devlopment\apache-maven-3.8.5\repository\com\fasterxml\jackson\datatype\jackson-datatype-jsr310\2.13.2\jackson-datatype-jsr310-2.13.2.jar;D:\devlopment\apache-maven-3.8.5\repository\com\fasterxml\jackson\module\jackson-module-parameter-names\2.13.2\jackson-module-parameter-names-2.13.2.jar;D:\devlopment\apache-maven-3.8.5\repository\org\springframework\spring-web\5.3.19\spring-web-5.3.19.jar;D:\devlopment\apache-maven-3.8.5\repository\org\springframework\spring-webmvc\5.3.19\spring-webmvc-5.3.19.jar;D:\devlopment\apache-maven-3.8.5\repository\org\hibernate\validator\hibernate-validator\6.2.3.Final\hibernate-validator-6.2.3.Final.jar;D:\devlopment\apache-maven-3.8.5\repository\jakarta\validation\jakarta.validation-api\2.0.2\jakarta.validation-api-2.0.2.jar;D:\devlopment\apache-maven-3.8.5\repository\org\jboss\logging\jboss-logging\3.4.3.Final\jboss-logging-3.4.3.Final.jar;D:\devlopment\apache-maven-3.8.5\repository\com\fasterxml\classmate\1.5.1\classmate-1.5.1.jar;D:\devlopment\apache-maven-3.8.5\repository\org\springframework\boot\spring-boot-starter-aop\2.6.7\spring-boot-starter-aop-2.6.7.jar;D:\devlopment\apache-maven-3.8.5\repository\org\springframework\spring-aop\5.3.19\spring-aop-5.3.19.jar;D:\devlopment\apache-maven-3.8.5\repository\org\aspectj\aspectjweaver\1.9.7\aspectjweaver-1.9.7.jar;D:\devlopment\apache-maven-3.8.5\repository\org\springframework\security\spring-security-core\5.1.7.RELEASE\spring-security-core-5.1.7.RELEASE.jar;D:\devlopment\apache-maven-3.8.5\repository\org\springframework\spring-beans\5.3.19\spring-beans-5.3.19.jar;D:\devlopment\apache-maven-3.8.5\repository\org\springframework\spring-context\5.3.19\spring-context-5.3.19.jar;D:\devlopment\apache-maven-3.8.5\repository\org\springframework\spring-expression\5.3.19\spring-expression-5.3.19.jar;D:\devlopment\apache-maven-3.8.5\repository\mysql\mysql-connector-java\8.0.27\mysql-connector-java-8.0.27.jar;D:\devlopment\apache-maven-3.8.5\repository\com\baomidou\mybatis-plus-boot-starter\3.1.0\mybatis-plus-boot-starter-3.1.0.jar;D:\devlopment\apache-maven-3.8.5\repository\com\baomidou\mybatis-plus\3.1.0\mybatis-plus-3.1.0.jar;D:\devlopment\apache-maven-3.8.5\repository\org\springframework\boot\spring-boot-starter-jdbc\2.6.7\spring-boot-starter-jdbc-2.6.7.jar;D:\devlopment\apache-maven-3.8.5\repository\com\zaxxer\HikariCP\4.0.3\HikariCP-4.0.3.jar;D:\devlopment\apache-maven-3.8.5\repository\org\springframework\spring-jdbc\5.3.19\spring-jdbc-5.3.19.jar;D:\devlopment\apache-maven-3.8.5\repository\com\baomidou\mybatis-plus-generator\3.3.1\mybatis-plus-generator-3.3.1.jar;D:\devlopment\apache-maven-3.8.5\repository\com\baomidou\mybatis-plus-extension\3.3.1\mybatis-plus-extension-3.3.1.jar;D:\devlopment\apache-maven-3.8.5\repository\com\baomidou\mybatis-plus-core\3.3.1\mybatis-plus-core-3.3.1.jar;D:\devlopment\apache-maven-3.8.5\repository\com\baomidou\mybatis-plus-annotation\3.3.1\mybatis-plus-annotation-3.3.1.jar;D:\devlopment\apache-maven-3.8.5\repository\org\mybatis\mybatis-spring\2.0.3\mybatis-spring-2.0.3.jar;D:\devlopment\apache-maven-3.8.5\repository\com\github\pagehelper\pagehelper-spring-boot-starter\1.4.1\pagehelper-spring-boot-starter-1.4.1.jar;D:\devlopment\apache-maven-3.8.5\repository\org\mybatis\spring\boot\mybatis-spring-boot-starter\2.2.0\mybatis-spring-boot-starter-2.2.0.jar;D:\devlopment\apache-maven-3.8.5\repository\org\mybatis\spring\boot\mybatis-spring-boot-autoconfigure\2.2.0\mybatis-spring-boot-autoconfigure-2.2.0.jar;D:\devlopment\apache-maven-3.8.5\repository\org\mybatis\mybatis\3.5.7\mybatis-3.5.7.jar;D:\devlopment\apache-maven-3.8.5\repository\com\github\pagehelper\pagehelper-spring-boot-autoconfigure\1.4.1\pagehelper-spring-boot-autoconfigure-1.4.1.jar;D:\devlopment\apache-maven-3.8.5\repository\com\github\pagehelper\pagehelper\5.3.0\pagehelper-5.3.0.jar;D:\devlopment\apache-maven-3.8.5\repository\com\github\jsqlparser\jsqlparser\4.2\jsqlparser-4.2.jar;D:\devlopment\apache-maven-3.8.5\repository\org\apache\velocity\velocity-engine-core\2.0\velocity-engine-core-2.0.jar;D:\devlopment\apache-maven-3.8.5\repository\org\apache\commons\commons-lang3\3.12.0\commons-lang3-3.12.0.jar;D:\devlopment\apache-maven-3.8.5\repository\com\spring4all\spring-boot-starter-swagger\1.5.1.RELEASE\spring-boot-starter-swagger-1.5.1.RELEASE.jar;D:\devlopment\apache-maven-3.8.5\repository\io\springfox\springfox-bean-validators\2.7.0\springfox-bean-validators-2.7.0.jar;D:\devlopment\apache-maven-3.8.5\repository\org\springframework\boot\spring-boot-starter-data-jdbc\2.6.7\spring-boot-starter-data-jdbc-2.6.7.jar;D:\devlopment\apache-maven-3.8.5\repository\org\springframework\data\spring-data-jdbc\2.3.4\spring-data-jdbc-2.3.4.jar;D:\devlopment\apache-maven-3.8.5\repository\org\springframework\data\spring-data-relational\2.3.4\spring-data-relational-2.3.4.jar;D:\devlopment\apache-maven-3.8.5\repository\org\springframework\data\spring-data-commons\2.6.4\spring-data-commons-2.6.4.jar;D:\devlopment\apache-maven-3.8.5\repository\org\springframework\spring-tx\5.3.19\spring-tx-5.3.19.jar;D:\devlopment\apache-maven-3.8.5\repository\io\springfox\springfox-swagger2\2.9.2\springfox-swagger2-2.9.2.jar;D:\devlopment\apache-maven-3.8.5\repository\io\swagger\swagger-annotations\1.5.20\swagger-annotations-1.5.20.jar;D:\devlopment\apache-maven-3.8.5\repository\io\swagger\swagger-models\1.5.20\swagger-models-1.5.20.jar;D:\devlopment\apache-maven-3.8.5\repository\com\fasterxml\jackson\core\jackson-annotations\2.13.2\jackson-annotations-2.13.2.jar;D:\devlopment\apache-maven-3.8.5\repository\io\springfox\springfox-spi\2.9.2\springfox-spi-2.9.2.jar;D:\devlopment\apache-maven-3.8.5\repository\io\springfox\springfox-core\2.9.2\springfox-core-2.9.2.jar;D:\devlopment\apache-maven-3.8.5\repository\io\springfox\springfox-schema\2.9.2\springfox-schema-2.9.2.jar;D:\devlopment\apache-maven-3.8.5\repository\io\springfox\springfox-swagger-common\2.9.2\springfox-swagger-common-2.9.2.jar;D:\devlopment\apache-maven-3.8.5\repository\io\springfox\springfox-spring-web\2.9.2\springfox-spring-web-2.9.2.jar;D:\devlopment\apache-maven-3.8.5\repository\com\google\guava\guava\20.0\guava-20.0.jar;D:\devlopment\apache-maven-3.8.5\repository\org\springframework\plugin\spring-plugin-core\1.2.0.RELEASE\spring-plugin-core-1.2.0.RELEASE.jar;D:\devlopment\apache-maven-3.8.5\repository\org\springframework\plugin\spring-plugin-metadata\1.2.0.RELEASE\spring-plugin-metadata-1.2.0.RELEASE.jar;D:\devlopment\apache-maven-3.8.5\repository\org\mapstruct\mapstruct\1.2.0.Final\mapstruct-1.2.0.Final.jar;D:\devlopment\apache-maven-3.8.5\repository\io\springfox\springfox-swagger-ui\2.9.2\springfox-swagger-ui-2.9.2.jar;D:\devlopment\apache-maven-3.8.5\repository\com\github\xiaoymin\swagger-bootstrap-ui\1.6\swagger-bootstrap-ui-1.6.jar;D:\devlopment\apache-maven-3.8.5\repository\org\slf4j\slf4j-api\1.7.36\slf4j-api-1.7.36.jar;D:\devlopment\apache-maven-3.8.5\repository\org\slf4j\slf4j-reload4j\1.7.36\slf4j-reload4j-1.7.36.jar;D:\devlopment\apache-maven-3.8.5\repository\ch\qos\reload4j\reload4j\1.2.19\reload4j-1.2.19.jar;D:\devlopment\apache-maven-3.8.5\repository\javax\servlet\javax.servlet-api\4.0.1\javax.servlet-api-4.0.1.jar;"/>
    <property name="java.vm.vendor" value="Oracle Corporation"/>
    <property name="sun.arch.data.model" value="64"/>
    <property name="user.variant" value=""/>
    <property name="java.vendor.url" value="http://java.oracle.com/"/>
    <property name="user.timezone" value="Asia/Shanghai"/>
    <property name="java.vm.specification.version" value="1.8"/>
    <property name="os.name" value="Windows 10"/>
    <property name="user.country" value="CN"/>
    <property name="sun.java.launcher" value="SUN_STANDARD"/>
    <property name="sun.boot.library.path" value="C:\Program Files\Java\jdk1.8.0_291\jre\bin"/>
    <property name="sun.java.command" value="C:\Users\lamp\AppData\Local\Temp\surefire7355434284613933475\surefirebooter298077410383835921.jar C:\Users\lamp\AppData\Local\Temp\surefire7355434284613933475 2022-08-06T00-14-03_957-jvmRun1 surefire2146793937335678352tmp surefire_02069775528787304422tmp"/>
    <property name="surefire.test.class.path" value="D:\砺锋\第三阶段项目\天天吃货\foodie-dev\foodie-api\target\test-classes;D:\砺锋\第三阶段项目\天天吃货\foodie-dev\foodie-api\target\classes;D:\砺锋\第三阶段项目\天天吃货\foodie-dev\foodie-service\target\foodie-service-1.0-SNAPSHOT.jar;D:\砺锋\第三阶段项目\天天吃货\foodie-dev\foodie-mapper\target\foodie-mapper-1.0-SNAPSHOT.jar;D:\砺锋\第三阶段项目\天天吃货\foodie-dev\foodie-pojo\target\foodie-pojo-1.0-SNAPSHOT.jar;D:\砺锋\第三阶段项目\天天吃货\foodie-dev\foodie-common\target\foodie-common-1.0-SNAPSHOT.jar;D:\devlopment\apache-maven-3.8.5\repository\com\qcloud\cos_api\5.6.8\cos_api-5.6.8.jar;D:\devlopment\apache-maven-3.8.5\repository\org\apache\httpcomponents\httpclient\4.5.13\httpclient-4.5.13.jar;D:\devlopment\apache-maven-3.8.5\repository\org\apache\httpcomponents\httpcore\4.4.15\httpcore-4.4.15.jar;D:\devlopment\apache-maven-3.8.5\repository\commons-codec\commons-codec\1.15\commons-codec-1.15.jar;D:\devlopment\apache-maven-3.8.5\repository\joda-time\joda-time\2.9.9\joda-time-2.9.9.jar;D:\devlopment\apache-maven-3.8.5\repository\org\bouncycastle\bcprov-jdk15on\1.59\bcprov-jdk15on-1.59.jar;D:\devlopment\apache-maven-3.8.5\repository\org\projectlombok\lombok\1.18.24\lombok-1.18.24.jar;D:\devlopment\apache-maven-3.8.5\repository\org\springframework\boot\spring-boot-starter-test\2.6.7\spring-boot-starter-test-2.6.7.jar;D:\devlopment\apache-maven-3.8.5\repository\org\springframework\boot\spring-boot-test\2.6.7\spring-boot-test-2.6.7.jar;D:\devlopment\apache-maven-3.8.5\repository\org\springframework\boot\spring-boot-test-autoconfigure\2.6.7\spring-boot-test-autoconfigure-2.6.7.jar;D:\devlopment\apache-maven-3.8.5\repository\com\jayway\jsonpath\json-path\2.6.0\json-path-2.6.0.jar;D:\devlopment\apache-maven-3.8.5\repository\net\minidev\json-smart\2.4.8\json-smart-2.4.8.jar;D:\devlopment\apache-maven-3.8.5\repository\net\minidev\accessors-smart\2.4.8\accessors-smart-2.4.8.jar;D:\devlopment\apache-maven-3.8.5\repository\org\ow2\asm\asm\9.1\asm-9.1.jar;D:\devlopment\apache-maven-3.8.5\repository\jakarta\xml\bind\jakarta.xml.bind-api\2.3.3\jakarta.xml.bind-api-2.3.3.jar;D:\devlopment\apache-maven-3.8.5\repository\jakarta\activation\jakarta.activation-api\1.2.2\jakarta.activation-api-1.2.2.jar;D:\devlopment\apache-maven-3.8.5\repository\org\assertj\assertj-core\3.21.0\assertj-core-3.21.0.jar;D:\devlopment\apache-maven-3.8.5\repository\org\hamcrest\hamcrest\2.2\hamcrest-2.2.jar;D:\devlopment\apache-maven-3.8.5\repository\org\junit\jupiter\junit-jupiter\5.8.2\junit-jupiter-5.8.2.jar;D:\devlopment\apache-maven-3.8.5\repository\org\junit\jupiter\junit-jupiter-api\5.8.2\junit-jupiter-api-5.8.2.jar;D:\devlopment\apache-maven-3.8.5\repository\org\opentest4j\opentest4j\1.2.0\opentest4j-1.2.0.jar;D:\devlopment\apache-maven-3.8.5\repository\org\junit\platform\junit-platform-commons\1.8.2\junit-platform-commons-1.8.2.jar;D:\devlopment\apache-maven-3.8.5\repository\org\apiguardian\apiguardian-api\1.1.2\apiguardian-api-1.1.2.jar;D:\devlopment\apache-maven-3.8.5\repository\org\junit\jupiter\junit-jupiter-params\5.8.2\junit-jupiter-params-5.8.2.jar;D:\devlopment\apache-maven-3.8.5\repository\org\junit\jupiter\junit-jupiter-engine\5.8.2\junit-jupiter-engine-5.8.2.jar;D:\devlopment\apache-maven-3.8.5\repository\org\junit\platform\junit-platform-engine\1.8.2\junit-platform-engine-1.8.2.jar;D:\devlopment\apache-maven-3.8.5\repository\org\mockito\mockito-core\4.0.0\mockito-core-4.0.0.jar;D:\devlopment\apache-maven-3.8.5\repository\net\bytebuddy\byte-buddy\1.11.22\byte-buddy-1.11.22.jar;D:\devlopment\apache-maven-3.8.5\repository\net\bytebuddy\byte-buddy-agent\1.11.22\byte-buddy-agent-1.11.22.jar;D:\devlopment\apache-maven-3.8.5\repository\org\objenesis\objenesis\3.2\objenesis-3.2.jar;D:\devlopment\apache-maven-3.8.5\repository\org\mockito\mockito-junit-jupiter\4.0.0\mockito-junit-jupiter-4.0.0.jar;D:\devlopment\apache-maven-3.8.5\repository\org\skyscreamer\jsonassert\1.5.0\jsonassert-1.5.0.jar;D:\devlopment\apache-maven-3.8.5\repository\com\vaadin\external\google\android-json\0.0.20131108.vaadin1\android-json-0.0.20131108.vaadin1.jar;D:\devlopment\apache-maven-3.8.5\repository\org\springframework\spring-test\5.3.19\spring-test-5.3.19.jar;D:\devlopment\apache-maven-3.8.5\repository\org\xmlunit\xmlunit-core\2.8.4\xmlunit-core-2.8.4.jar;D:\devlopment\apache-maven-3.8.5\repository\org\springframework\boot\spring-boot-configuration-processor\2.6.7\spring-boot-configuration-processor-2.6.7.jar;D:\devlopment\apache-maven-3.8.5\repository\org\springframework\boot\spring-boot-starter\2.6.7\spring-boot-starter-2.6.7.jar;D:\devlopment\apache-maven-3.8.5\repository\org\springframework\boot\spring-boot\2.6.7\spring-boot-2.6.7.jar;D:\devlopment\apache-maven-3.8.5\repository\org\springframework\boot\spring-boot-autoconfigure\2.6.7\spring-boot-autoconfigure-2.6.7.jar;D:\devlopment\apache-maven-3.8.5\repository\jakarta\annotation\jakarta.annotation-api\1.3.5\jakarta.annotation-api-1.3.5.jar;D:\devlopment\apache-maven-3.8.5\repository\org\springframework\spring-core\5.3.19\spring-core-5.3.19.jar;D:\devlopment\apache-maven-3.8.5\repository\org\springframework\spring-jcl\5.3.19\spring-jcl-5.3.19.jar;D:\devlopment\apache-maven-3.8.5\repository\org\yaml\snakeyaml\1.29\snakeyaml-1.29.jar;D:\devlopment\apache-maven-3.8.5\repository\org\springframework\boot\spring-boot-starter-web\2.6.7\spring-boot-starter-web-2.6.7.jar;D:\devlopment\apache-maven-3.8.5\repository\org\springframework\boot\spring-boot-starter-json\2.6.7\spring-boot-starter-json-2.6.7.jar;D:\devlopment\apache-maven-3.8.5\repository\com\fasterxml\jackson\core\jackson-databind\2.13.2.1\jackson-databind-2.13.2.1.jar;D:\devlopment\apache-maven-3.8.5\repository\com\fasterxml\jackson\core\jackson-core\2.13.2\jackson-core-2.13.2.jar;D:\devlopment\apache-maven-3.8.5\repository\com\fasterxml\jackson\datatype\jackson-datatype-jdk8\2.13.2\jackson-datatype-jdk8-2.13.2.jar;D:\devlopment\apache-maven-3.8.5\repository\com\fasterxml\jackson\datatype\jackson-datatype-jsr310\2.13.2\jackson-datatype-jsr310-2.13.2.jar;D:\devlopment\apache-maven-3.8.5\repository\com\fasterxml\jackson\module\jackson-module-parameter-names\2.13.2\jackson-module-parameter-names-2.13.2.jar;D:\devlopment\apache-maven-3.8.5\repository\org\springframework\spring-web\5.3.19\spring-web-5.3.19.jar;D:\devlopment\apache-maven-3.8.5\repository\org\springframework\spring-webmvc\5.3.19\spring-webmvc-5.3.19.jar;D:\devlopment\apache-maven-3.8.5\repository\org\hibernate\validator\hibernate-validator\6.2.3.Final\hibernate-validator-6.2.3.Final.jar;D:\devlopment\apache-maven-3.8.5\repository\jakarta\validation\jakarta.validation-api\2.0.2\jakarta.validation-api-2.0.2.jar;D:\devlopment\apache-maven-3.8.5\repository\org\jboss\logging\jboss-logging\3.4.3.Final\jboss-logging-3.4.3.Final.jar;D:\devlopment\apache-maven-3.8.5\repository\com\fasterxml\classmate\1.5.1\classmate-1.5.1.jar;D:\devlopment\apache-maven-3.8.5\repository\org\springframework\boot\spring-boot-starter-aop\2.6.7\spring-boot-starter-aop-2.6.7.jar;D:\devlopment\apache-maven-3.8.5\repository\org\springframework\spring-aop\5.3.19\spring-aop-5.3.19.jar;D:\devlopment\apache-maven-3.8.5\repository\org\aspectj\aspectjweaver\1.9.7\aspectjweaver-1.9.7.jar;D:\devlopment\apache-maven-3.8.5\repository\org\springframework\security\spring-security-core\5.1.7.RELEASE\spring-security-core-5.1.7.RELEASE.jar;D:\devlopment\apache-maven-3.8.5\repository\org\springframework\spring-beans\5.3.19\spring-beans-5.3.19.jar;D:\devlopment\apache-maven-3.8.5\repository\org\springframework\spring-context\5.3.19\spring-context-5.3.19.jar;D:\devlopment\apache-maven-3.8.5\repository\org\springframework\spring-expression\5.3.19\spring-expression-5.3.19.jar;D:\devlopment\apache-maven-3.8.5\repository\mysql\mysql-connector-java\8.0.27\mysql-connector-java-8.0.27.jar;D:\devlopment\apache-maven-3.8.5\repository\com\baomidou\mybatis-plus-boot-starter\3.1.0\mybatis-plus-boot-starter-3.1.0.jar;D:\devlopment\apache-maven-3.8.5\repository\com\baomidou\mybatis-plus\3.1.0\mybatis-plus-3.1.0.jar;D:\devlopment\apache-maven-3.8.5\repository\org\springframework\boot\spring-boot-starter-jdbc\2.6.7\spring-boot-starter-jdbc-2.6.7.jar;D:\devlopment\apache-maven-3.8.5\repository\com\zaxxer\HikariCP\4.0.3\HikariCP-4.0.3.jar;D:\devlopment\apache-maven-3.8.5\repository\org\springframework\spring-jdbc\5.3.19\spring-jdbc-5.3.19.jar;D:\devlopment\apache-maven-3.8.5\repository\com\baomidou\mybatis-plus-generator\3.3.1\mybatis-plus-generator-3.3.1.jar;D:\devlopment\apache-maven-3.8.5\repository\com\baomidou\mybatis-plus-extension\3.3.1\mybatis-plus-extension-3.3.1.jar;D:\devlopment\apache-maven-3.8.5\repository\com\baomidou\mybatis-plus-core\3.3.1\mybatis-plus-core-3.3.1.jar;D:\devlopment\apache-maven-3.8.5\repository\com\baomidou\mybatis-plus-annotation\3.3.1\mybatis-plus-annotation-3.3.1.jar;D:\devlopment\apache-maven-3.8.5\repository\org\mybatis\mybatis-spring\2.0.3\mybatis-spring-2.0.3.jar;D:\devlopment\apache-maven-3.8.5\repository\com\github\pagehelper\pagehelper-spring-boot-starter\1.4.1\pagehelper-spring-boot-starter-1.4.1.jar;D:\devlopment\apache-maven-3.8.5\repository\org\mybatis\spring\boot\mybatis-spring-boot-starter\2.2.0\mybatis-spring-boot-starter-2.2.0.jar;D:\devlopment\apache-maven-3.8.5\repository\org\mybatis\spring\boot\mybatis-spring-boot-autoconfigure\2.2.0\mybatis-spring-boot-autoconfigure-2.2.0.jar;D:\devlopment\apache-maven-3.8.5\repository\org\mybatis\mybatis\3.5.7\mybatis-3.5.7.jar;D:\devlopment\apache-maven-3.8.5\repository\com\github\pagehelper\pagehelper-spring-boot-autoconfigure\1.4.1\pagehelper-spring-boot-autoconfigure-1.4.1.jar;D:\devlopment\apache-maven-3.8.5\repository\com\github\pagehelper\pagehelper\5.3.0\pagehelper-5.3.0.jar;D:\devlopment\apache-maven-3.8.5\repository\com\github\jsqlparser\jsqlparser\4.2\jsqlparser-4.2.jar;D:\devlopment\apache-maven-3.8.5\repository\org\apache\velocity\velocity-engine-core\2.0\velocity-engine-core-2.0.jar;D:\devlopment\apache-maven-3.8.5\repository\org\apache\commons\commons-lang3\3.12.0\commons-lang3-3.12.0.jar;D:\devlopment\apache-maven-3.8.5\repository\com\spring4all\spring-boot-starter-swagger\1.5.1.RELEASE\spring-boot-starter-swagger-1.5.1.RELEASE.jar;D:\devlopment\apache-maven-3.8.5\repository\io\springfox\springfox-bean-validators\2.7.0\springfox-bean-validators-2.7.0.jar;D:\devlopment\apache-maven-3.8.5\repository\org\springframework\boot\spring-boot-starter-data-jdbc\2.6.7\spring-boot-starter-data-jdbc-2.6.7.jar;D:\devlopment\apache-maven-3.8.5\repository\org\springframework\data\spring-data-jdbc\2.3.4\spring-data-jdbc-2.3.4.jar;D:\devlopment\apache-maven-3.8.5\repository\org\springframework\data\spring-data-relational\2.3.4\spring-data-relational-2.3.4.jar;D:\devlopment\apache-maven-3.8.5\repository\org\springframework\data\spring-data-commons\2.6.4\spring-data-commons-2.6.4.jar;D:\devlopment\apache-maven-3.8.5\repository\org\springframework\spring-tx\5.3.19\spring-tx-5.3.19.jar;D:\devlopment\apache-maven-3.8.5\repository\io\springfox\springfox-swagger2\2.9.2\springfox-swagger2-2.9.2.jar;D:\devlopment\apache-maven-3.8.5\repository\io\swagger\swagger-annotations\1.5.20\swagger-annotations-1.5.20.jar;D:\devlopment\apache-maven-3.8.5\repository\io\swagger\swagger-models\1.5.20\swagger-models-1.5.20.jar;D:\devlopment\apache-maven-3.8.5\repository\com\fasterxml\jackson\core\jackson-annotations\2.13.2\jackson-annotations-2.13.2.jar;D:\devlopment\apache-maven-3.8.5\repository\io\springfox\springfox-spi\2.9.2\springfox-spi-2.9.2.jar;D:\devlopment\apache-maven-3.8.5\repository\io\springfox\springfox-core\2.9.2\springfox-core-2.9.2.jar;D:\devlopment\apache-maven-3.8.5\repository\io\springfox\springfox-schema\2.9.2\springfox-schema-2.9.2.jar;D:\devlopment\apache-maven-3.8.5\repository\io\springfox\springfox-swagger-common\2.9.2\springfox-swagger-common-2.9.2.jar;D:\devlopment\apache-maven-3.8.5\repository\io\springfox\springfox-spring-web\2.9.2\springfox-spring-web-2.9.2.jar;D:\devlopment\apache-maven-3.8.5\repository\com\google\guava\guava\20.0\guava-20.0.jar;D:\devlopment\apache-maven-3.8.5\repository\org\springframework\plugin\spring-plugin-core\1.2.0.RELEASE\spring-plugin-core-1.2.0.RELEASE.jar;D:\devlopment\apache-maven-3.8.5\repository\org\springframework\plugin\spring-plugin-metadata\1.2.0.RELEASE\spring-plugin-metadata-1.2.0.RELEASE.jar;D:\devlopment\apache-maven-3.8.5\repository\org\mapstruct\mapstruct\1.2.0.Final\mapstruct-1.2.0.Final.jar;D:\devlopment\apache-maven-3.8.5\repository\io\springfox\springfox-swagger-ui\2.9.2\springfox-swagger-ui-2.9.2.jar;D:\devlopment\apache-maven-3.8.5\repository\com\github\xiaoymin\swagger-bootstrap-ui\1.6\swagger-bootstrap-ui-1.6.jar;D:\devlopment\apache-maven-3.8.5\repository\org\slf4j\slf4j-api\1.7.36\slf4j-api-1.7.36.jar;D:\devlopment\apache-maven-3.8.5\repository\org\slf4j\slf4j-reload4j\1.7.36\slf4j-reload4j-1.7.36.jar;D:\devlopment\apache-maven-3.8.5\repository\ch\qos\reload4j\reload4j\1.2.19\reload4j-1.2.19.jar;D:\devlopment\apache-maven-3.8.5\repository\javax\servlet\javax.servlet-api\4.0.1\javax.servlet-api-4.0.1.jar;"/>
    <property name="sun.cpu.endian" value="little"/>
    <property name="user.home" value="C:\Users\lamp"/>
    <property name="user.language" value="zh"/>
    <property name="java.specification.vendor" value="Oracle Corporation"/>
    <property name="java.home" value="C:\Program Files\Java\jdk1.8.0_291\jre"/>
    <property name="basedir" value="D:\砺锋\第三阶段项目\天天吃货\foodie-dev\foodie-api"/>
    <property name="file.separator" value="\"/>
    <property name="line.separator" value="&#10;"/>
    <property name="java.vm.specification.vendor" value="Oracle Corporation"/>
    <property name="java.specification.name" value="Java Platform API Specification"/>
    <property name="java.awt.graphicsenv" value="sun.awt.Win32GraphicsEnvironment"/>
    <property name="surefire.real.class.path" value="C:\Users\lamp\AppData\Local\Temp\surefire7355434284613933475\surefirebooter298077410383835921.jar"/>
    <property name="sun.boot.class.path" value="C:\Program Files\Java\jdk1.8.0_291\jre\lib\resources.jar;C:\Program Files\Java\jdk1.8.0_291\jre\lib\rt.jar;C:\Program Files\Java\jdk1.8.0_291\jre\lib\sunrsasign.jar;C:\Program Files\Java\jdk1.8.0_291\jre\lib\jsse.jar;C:\Program Files\Java\jdk1.8.0_291\jre\lib\jce.jar;C:\Program Files\Java\jdk1.8.0_291\jre\lib\charsets.jar;C:\Program Files\Java\jdk1.8.0_291\jre\lib\jfr.jar;C:\Program Files\Java\jdk1.8.0_291\jre\classes"/>
    <property name="user.script" value=""/>
    <property name="sun.management.compiler" value="HotSpot 64-Bit Tiered Compilers"/>
    <property name="java.runtime.version" value="1.8.0_291-b10"/>
    <property name="user.name" value="lamp"/>
    <property name="path.separator" value=";"/>
    <property name="os.version" value="10.0"/>
    <property name="java.endorsed.dirs" value="C:\Program Files\Java\jdk1.8.0_291\jre\lib\endorsed"/>
    <property name="java.runtime.name" value="Java(TM) SE Runtime Environment"/>
    <property name="file.encoding" value="GBK"/>
    <property name="java.vm.name" value="Java HotSpot(TM) 64-Bit Server VM"/>
    <property name="localRepository" value="D:\devlopment\apache-maven-3.8.5\repository"/>
    <property name="java.vendor.url.bug" value="http://bugreport.sun.com/bugreport/"/>
    <property name="java.io.tmpdir" value="C:\Users\lamp\AppData\Local\Temp\"/>
    <property name="idea.version" value="2021.1.3"/>
    <property name="java.version" value="1.8.0_291"/>
    <property name="user.dir" value="D:\砺锋\第三阶段项目\天天吃货\foodie-dev\foodie-api"/>
    <property name="os.arch" value="amd64"/>
    <property name="java.vm.specification.name" value="Java Virtual Machine Specification"/>
    <property name="java.awt.printerjob" value="sun.awt.windows.WPrinterJob"/>
    <property name="sun.os.patch.level" value=""/>
    <property name="java.library.path" value="C:\Program Files\Java\jdk1.8.0_291\jre\bin;C:\WINDOWS\Sun\Java\bin;C:\WINDOWS\system32;C:\WINDOWS;C:\Program Files (x86)\Common Files\Oracle\Java\javapath;C:\WINDOWS\system32;C:\WINDOWS;C:\WINDOWS\System32\Wbem;C:\WINDOWS\System32\WindowsPowerShell\v1.0\;C:\WINDOWS\System32\OpenSSH\;D:\devlopment\Git\cmd;C:\Program Files\dotnet\;D:\devlopment\node\;D:\devlopment\xShell\;D:\devlopment\apache-maven-3.8.5\bin;D:\Python\Scripts\;D:\Python\;C:\Users\lamp\AppData\Local\Microsoft\WindowsApps;&quot;C:\Program Files\Java\jdk1.8.0_291\\bin;C:\Program Files\Java\jdk1.8.0_291\\jre\bin&quot;;D:\devlopment\apache-maven-3.8.5\bin;;D:\devlopment\Microsoft VS Code\bin;C:\Users\lamp\AppData\Roaming\npm;."/>
    <property name="java.vm.info" value="mixed mode"/>
    <property name="java.vendor" value="Oracle Corporation"/>
    <property name="java.vm.version" value="25.291-b10"/>
    <property name="java.ext.dirs" value="C:\Program Files\Java\jdk1.8.0_291\jre\lib\ext;C:\WINDOWS\Sun\Java\lib\ext"/>
    <property name="sun.io.unicode.encoding" value="UnicodeLittle"/>
    <property name="maven.repo.local" value="D:\devlopment\apache-maven-3.8.5\repository"/>
    <property name="java.class.version" value="52.0"/>
  </properties>
  <testcase name="test" classname="lamb.key.Test" time="1.159"/>
</testsuite>